<?xml version="1.0" encoding="UTF-8"?>
<!-- Generated by org.testng.reporters.JUnitReportReporter -->
<testsuite hostname="Kapil" failures="0" tests="1" name="testCases.TC002_LoginTest" time="2.144" errors="0" timestamp="2025-07-25T18:36:21 IST" skipped="0">
  <testcase classname="testCases.TC002_LoginTest" name="verify_login" time="2.144"/>
  <system-out/>
</testsuite> <!-- testCases.TC002_LoginTest -->
