<?xml version="1.0" encoding="UTF-8"?>
<!-- Generated by org.testng.reporters.JUnitReportReporter -->
<testsuite hostname="Kapil" failures="0" tests="3" name="testCases.TC001_AccountRegistrationTest" time="8.716" errors="0" timestamp="2025-07-25T16:03:51 IST" skipped="0">
  <testcase classname="testCases.TC001_AccountRegistrationTest" name="verify_account_registration" time="2.760"/>
  <system-out/>
  <testcase classname="testCases.TC001_AccountRegistrationTest" name="verify_account_registration" time="2.226"/>
  <system-out/>
  <testcase classname="testCases.TC001_AccountRegistrationTest" name="verify_account_registration" time="3.730"/>
  <system-out/>
</testsuite> <!-- testCases.TC001_AccountRegistrationTest -->
