<?xml version="1.0" encoding="UTF-8"?>
<!-- Generated by org.testng.reporters.JUnitReportReporter -->
<testsuite hostname="Kapil" failures="0" tests="1" name="testCases.TC003_SearchProduct" time="3.760" errors="0" timestamp="2025-08-25T17:37:41 IST" skipped="0">
  <testcase classname="testCases.TC003_SearchProduct" name="verify_search" time="3.760"/>
  <system-out/>
</testsuite> <!-- testCases.TC003_SearchProduct -->
