<?xml version="1.0" encoding="UTF-8"?>
<!-- Generated by org.testng.reporters.JUnitReportReporter -->
<testsuite hostname="Kapil" failures="0" tests="1" name="testCases.TC003_SearchProduct" time="2.599" errors="0" timestamp="2025-08-24T19:03:02 IST" skipped="0">
  <testcase classname="testCases.TC003_SearchProduct" name="verify_search" time="2.599"/>
  <system-out/>
</testsuite> <!-- testCases.TC003_SearchProduct -->
