<?xml version="1.0" encoding="UTF-8"?>
<!-- Generated by org.testng.reporters.JUnitReportReporter -->
<testsuite hostname="Kapil" failures="0" tests="2" name="testCases.TC004_AddToCart" time="1.109" errors="0" timestamp="2025-08-25T17:37:41 IST" skipped="0">
  <testcase classname="testCases.TC004_AddToCart" name="verify_AddToCart" time="0.879"/>
  <system-out/>
  <testcase classname="testCases.TC004_AddToCart" name="verify_ValidateAddToCart" time="0.230"/>
  <system-out/>
</testsuite> <!-- testCases.TC004_AddToCart -->
