<?xml version="1.0" encoding="UTF-8"?>
<!-- Generated by org.testng.reporters.JUnitReportReporter -->
<testsuite hostname="Kapil" failures="0" tests="1" name="testCases.TC001_AccountRegistrationTest" time="1.957" errors="0" timestamp="2025-07-25T18:36:21 IST" skipped="0">
  <testcase classname="testCases.TC001_AccountRegistrationTest" name="verify_account_registration" time="1.957"/>
  <system-out/>
</testsuite> <!-- testCases.TC001_AccountRegistrationTest -->
