<?xml version="1.0" encoding="UTF-8"?>
<!-- Generated by org.testng.reporters.JUnitReportReporter -->
<testsuite hostname="Kapil" failures="0" tests="1" name="testCases.TC002_LoginTest" time="2.867" errors="0" timestamp="2025-08-25T17:37:41 IST" skipped="0">
  <testcase classname="testCases.TC002_LoginTest" name="verify_login" time="2.867"/>
  <system-out/>
</testsuite> <!-- testCases.TC002_LoginTest -->
